<?xml version="1.0" encoding="UTF-8" ?>
<testsuite failures="0" time="0.763" errors="0" skipped="0" tests="108" name="com.thoughtworks.xstream.io.json.JsonWriterFormatTest">
  <properties>
[...]
</properties>
  <testcase time="0.006" classname="com.thoughtworks.xstream.io.json.JsonWriterFormatTest" name="optimizedMinimalString"/>
  <testcase time="0" classname="com.thoughtworks.xstream.io.json.JsonWriterFormatTest" name="optimizedMinimalCharSequenceArray"/>
  <testcase time="0.002" classname="com.thoughtworks.xstream.io.json.JsonWriterFormatTest" name="optimizedMinimalCharSequenceArray+ID"/>
  <testcase time="0" classname="com.thoughtworks.xstream.io.json.JsonWriterFormatTest" name="optimizedMinimalEmptyStringArray"/>
  <testcase time="0" classname="com.thoughtworks.xstream.io.json.JsonWriterFormatTest" name="optimizedMinimalEmptyStringArray+ID"/>
  <testcase time="0" classname="com.thoughtworks.xstream.io.json.JsonWriterFormatTest" name="optimizedMinimalProperties"/>
  <testcase time="0.001" classname="com.thoughtworks.xstream.io.json.JsonWriterFormatTest" name="optimizedMinimalObject"/>
  <testcase time="0.002" classname="com.thoughtworks.xstream.io.json.JsonWriterFormatTest" name="optimizedMinimalAttributeOnly"/>
  <testcase time="0" classname="com.thoughtworks.xstream.io.json.JsonWriterFormatTest" name="optimizedMinimalX"/>
  <testcase time="0.001" classname="com.thoughtworks.xstream.io.json.JsonWriterFormatTest" name="optimizedMinimalEmptyX"/>
  <testcase time="0.002" classname="com.thoughtworks.xstream.io.json.JsonWriterFormatTest" name="optimizedMinimalCollections"/>
  <testcase time="0" classname="com.thoughtworks.xstream.io.json.JsonWriterFormatTest" name="optimizedMinimalEmptyList"/>
  <testcase time="0" classname="com.thoughtworks.xstream.io.json.JsonWriterFormatTest" name="optimizedPrettyString"/>
  <testcase time="0" classname="com.thoughtworks.xstream.io.json.JsonWriterFormatTest" name="optimizedPrettyCharSequenceArray"/>
  <testcase time="0.001" classname="com.thoughtworks.xstream.io.json.JsonWriterFormatTest" name="optimizedPrettyCharSequenceArray+ID"/>
  <testcase time="0" classname="com.thoughtworks.xstream.io.json.JsonWriterFormatTest" name="optimizedPrettyEmptyStringArray"/>
  <testcase time="0.001" classname="com.thoughtworks.xstream.io.json.JsonWriterFormatTest" name="optimizedPrettyEmptyStringArray+ID"/>
  <testcase time="0" classname="com.thoughtworks.xstream.io.json.JsonWriterFormatTest" name="optimizedPrettyProperties"/>
  <testcase time="0.001" classname="com.thoughtworks.xstream.io.json.JsonWriterFormatTest" name="optimizedPrettyObject"/>
  <testcase time="0" classname="com.thoughtworks.xstream.io.json.JsonWriterFormatTest" name="optimizedPrettyAttributeOnly"/>
  <testcase time="0.001" classname="com.thoughtworks.xstream.io.json.JsonWriterFormatTest" name="optimizedPrettyX"/>
  <testcase time="0.001" classname="com.thoughtworks.xstream.io.json.JsonWriterFormatTest" name="optimizedPrettyEmptyX"/>
  <testcase time="0.001" classname="com.thoughtworks.xstream.io.json.JsonWriterFormatTest" name="optimizedPrettyCollections"/>
  <testcase time="0" classname="com.thoughtworks.xstream.io.json.JsonWriterFormatTest" name="optimizedPrettyEmptyList"/>
  <testcase time="0" classname="com.thoughtworks.xstream.io.json.JsonWriterFormatTest" name="optimizedCompactString"/>
  <testcase time="0" classname="com.thoughtworks.xstream.io.json.JsonWriterFormatTest" name="optimizedCompactCharSequenceArray"/>
  <testcase time="0.001" classname="com.thoughtworks.xstream.io.json.JsonWriterFormatTest" name="optimizedCompactCharSequenceArray+ID"/>
  <testcase time="0" classname="com.thoughtworks.xstream.io.json.JsonWriterFormatTest" name="optimizedCompactEmptyStringArray"/>
  <testcase time="0.001" classname="com.thoughtworks.xstream.io.json.JsonWriterFormatTest" name="optimizedCompactEmptyStringArray+ID"/>
  <testcase time="0" classname="com.thoughtworks.xstream.io.json.JsonWriterFormatTest" name="optimizedCompactProperties"/>
  <testcase time="0.001" classname="com.thoughtworks.xstream.io.json.JsonWriterFormatTest" name="optimizedCompactObject"/>
  <testcase time="0.001" classname="com.thoughtworks.xstream.io.json.JsonWriterFormatTest" name="optimizedCompactAttributeOnly"/>
  <testcase time="0.001" classname="com.thoughtworks.xstream.io.json.JsonWriterFormatTest" name="optimizedCompactX"/>
  <testcase time="0" classname="com.thoughtworks.xstream.io.json.JsonWriterFormatTest" name="optimizedCompactEmptyX"/>
  <testcase time="0" classname="com.thoughtworks.xstream.io.json.JsonWriterFormatTest" name="optimizedCompactCollections"/>
  <testcase time="0" classname="com.thoughtworks.xstream.io.json.JsonWriterFormatTest" name="optimizedCompactEmptyList"/>
  <testcase time="0" classname="com.thoughtworks.xstream.io.json.JsonWriterFormatTest" name="noRootMinimalString"/>
  <testcase time="0.001" classname="com.thoughtworks.xstream.io.json.JsonWriterFormatTest" name="noRootMinimalCharSequenceArray"/>
  <testcase time="0" classname="com.thoughtworks.xstream.io.json.JsonWriterFormatTest" name="noRootMinimalCharSequenceArray+ID"/>
  <testcase time="0.001" classname="com.thoughtworks.xstream.io.json.JsonWriterFormatTest" name="noRootMinimalEmptyStringArray"/>
  <testcase time="0" classname="com.thoughtworks.xstream.io.json.JsonWriterFormatTest" name="noRootMinimalEmptyStringArray+ID"/>
  <testcase time="0" classname="com.thoughtworks.xstream.io.json.JsonWriterFormatTest" name="noRootMinimalProperties"/>
  <testcase time="0" classname="com.thoughtworks.xstream.io.json.JsonWriterFormatTest" name="noRootMinimalObject"/>
  <testcase time="0.001" classname="com.thoughtworks.xstream.io.json.JsonWriterFormatTest" name="noRootMinimalAttributeOnly"/>
  <testcase time="0.001" classname="com.thoughtworks.xstream.io.json.JsonWriterFormatTest" name="noRootMinimalX"/>
  <testcase time="0.001" classname="com.thoughtworks.xstream.io.json.JsonWriterFormatTest" name="noRootMinimalEmptyX"/>
  <testcase time="0.004" classname="com.thoughtworks.xstream.io.json.JsonWriterFormatTest" name="noRootMinimalCollections"/>
  <testcase time="0.001" classname="com.thoughtworks.xstream.io.json.JsonWriterFormatTest" name="noRootMinimalEmptyList"/>
  <testcase time="0.012" classname="com.thoughtworks.xstream.io.json.JsonWriterFormatTest" name="noRootPrettyString"/>
  <testcase time="0" classname="com.thoughtworks.xstream.io.json.JsonWriterFormatTest" name="noRootPrettyCharSequenceArray"/>
  <testcase time="0" classname="com.thoughtworks.xstream.io.json.JsonWriterFormatTest" name="noRootPrettyCharSequenceArray+ID"/>
  <testcase time="0" classname="com.thoughtworks.xstream.io.json.JsonWriterFormatTest" name="noRootPrettyEmptyStringArray"/>
  <testcase time="0.001" classname="com.thoughtworks.xstream.io.json.JsonWriterFormatTest" name="noRootPrettyEmptyStringArray+ID"/>
  <testcase time="0" classname="com.thoughtworks.xstream.io.json.JsonWriterFormatTest" name="noRootPrettyProperties"/>
  <testcase time="0.001" classname="com.thoughtworks.xstream.io.json.JsonWriterFormatTest" name="noRootPrettyObject"/>
  <testcase time="0" classname="com.thoughtworks.xstream.io.json.JsonWriterFormatTest" name="noRootPrettyAttributeOnly"/>
  <testcase time="0.001" classname="com.thoughtworks.xstream.io.json.JsonWriterFormatTest" name="noRootPrettyX"/>
  <testcase time="0.001" classname="com.thoughtworks.xstream.io.json.JsonWriterFormatTest" name="noRootPrettyEmptyX"/>
  <testcase time="0.001" classname="com.thoughtworks.xstream.io.json.JsonWriterFormatTest" name="noRootPrettyCollections"/>
  <testcase time="0" classname="com.thoughtworks.xstream.io.json.JsonWriterFormatTest" name="noRootPrettyEmptyList"/>
  <testcase time="0" classname="com.thoughtworks.xstream.io.json.JsonWriterFormatTest" name="noRootCompactString"/>
  <testcase time="0.001" classname="com.thoughtworks.xstream.io.json.JsonWriterFormatTest" name="noRootCompactCharSequenceArray"/>
  <testcase time="0" classname="com.thoughtworks.xstream.io.json.JsonWriterFormatTest" name="noRootCompactCharSequenceArray+ID"/>
  <testcase time="0" classname="com.thoughtworks.xstream.io.json.JsonWriterFormatTest" name="noRootCompactEmptyStringArray"/>
  <testcase time="0" classname="com.thoughtworks.xstream.io.json.JsonWriterFormatTest" name="noRootCompactEmptyStringArray+ID"/>
  <testcase time="0" classname="com.thoughtworks.xstream.io.json.JsonWriterFormatTest" name="noRootCompactProperties"/>
  <testcase time="0.001" classname="com.thoughtworks.xstream.io.json.JsonWriterFormatTest" name="noRootCompactObject"/>
  <testcase time="0" classname="com.thoughtworks.xstream.io.json.JsonWriterFormatTest" name="noRootCompactAttributeOnly"/>
  <testcase time="0.001" classname="com.thoughtworks.xstream.io.json.JsonWriterFormatTest" name="noRootCompactX"/>
  <testcase time="0.001" classname="com.thoughtworks.xstream.io.json.JsonWriterFormatTest" name="noRootCompactEmptyX"/>
  <testcase time="0.001" classname="com.thoughtworks.xstream.io.json.JsonWriterFormatTest" name="noRootCompactCollections"/>
  <testcase time="0" classname="com.thoughtworks.xstream.io.json.JsonWriterFormatTest" name="noRootCompactEmptyList"/>
  <testcase time="0" classname="com.thoughtworks.xstream.io.json.JsonWriterFormatTest" name="explicitMinimalString"/>
  <testcase time="0" classname="com.thoughtworks.xstream.io.json.JsonWriterFormatTest" name="explicitMinimalCharSequenceArray"/>
  <testcase time="0.003" classname="com.thoughtworks.xstream.io.json.JsonWriterFormatTest" name="explicitMinimalCharSequenceArray+ID"/>
  <testcase time="0" classname="com.thoughtworks.xstream.io.json.JsonWriterFormatTest" name="explicitMinimalEmptyStringArray"/>
  <testcase time="0" classname="com.thoughtworks.xstream.io.json.JsonWriterFormatTest" name="explicitMinimalEmptyStringArray+ID"/>
  <testcase time="0" classname="com.thoughtworks.xstream.io.json.JsonWriterFormatTest" name="explicitMinimalProperties"/>
  <testcase time="0.001" classname="com.thoughtworks.xstream.io.json.JsonWriterFormatTest" name="explicitMinimalObject"/>
  <testcase time="0" classname="com.thoughtworks.xstream.io.json.JsonWriterFormatTest" name="explicitMinimalAttributeOnly"/>
  <testcase time="0.001" classname="com.thoughtworks.xstream.io.json.JsonWriterFormatTest" name="explicitMinimalX"/>
  <testcase time="0.001" classname="com.thoughtworks.xstream.io.json.JsonWriterFormatTest" name="explicitMinimalEmptyX"/>
  <testcase time="0.001" classname="com.thoughtworks.xstream.io.json.JsonWriterFormatTest" name="explicitMinimalCollections"/>
  <testcase time="0.001" classname="com.thoughtworks.xstream.io.json.JsonWriterFormatTest" name="explicitMinimalEmptyList"/>
  <testcase time="0" classname="com.thoughtworks.xstream.io.json.JsonWriterFormatTest" name="explicitPrettyString"/>
  <testcase time="0.001" classname="com.thoughtworks.xstream.io.json.JsonWriterFormatTest" name="explicitPrettyCharSequenceArray"/>
  <testcase time="0" classname="com.thoughtworks.xstream.io.json.JsonWriterFormatTest" name="explicitPrettyCharSequenceArray+ID"/>
  <testcase time="0" classname="com.thoughtworks.xstream.io.json.JsonWriterFormatTest" name="explicitPrettyEmptyStringArray"/>
  <testcase time="0" classname="com.thoughtworks.xstream.io.json.JsonWriterFormatTest" name="explicitPrettyEmptyStringArray+ID"/>
  <testcase time="0" classname="com.thoughtworks.xstream.io.json.JsonWriterFormatTest" name="explicitPrettyProperties"/>
  <testcase time="0.001" classname="com.thoughtworks.xstream.io.json.JsonWriterFormatTest" name="explicitPrettyObject"/>
  <testcase time="0" classname="com.thoughtworks.xstream.io.json.JsonWriterFormatTest" name="explicitPrettyAttributeOnly"/>
  <testcase time="0.001" classname="com.thoughtworks.xstream.io.json.JsonWriterFormatTest" name="explicitPrettyX"/>
  <testcase time="0.005" classname="com.thoughtworks.xstream.io.json.JsonWriterFormatTest" name="explicitPrettyEmptyX"/>
  <testcase time="0.001" classname="com.thoughtworks.xstream.io.json.JsonWriterFormatTest" name="explicitPrettyCollections"/>
  <testcase time="0" classname="com.thoughtworks.xstream.io.json.JsonWriterFormatTest" name="explicitPrettyEmptyList"/>
  <testcase time="0" classname="com.thoughtworks.xstream.io.json.JsonWriterFormatTest" name="explicitCompactString"/>
  <testcase time="0.001" classname="com.thoughtworks.xstream.io.json.JsonWriterFormatTest" name="explicitCompactCharSequenceArray"/>
  <testcase time="0.003" classname="com.thoughtworks.xstream.io.json.JsonWriterFormatTest" name="explicitCompactCharSequenceArray+ID"/>
  <testcase time="0" classname="com.thoughtworks.xstream.io.json.JsonWriterFormatTest" name="explicitCompactEmptyStringArray"/>
  <testcase time="0.001" classname="com.thoughtworks.xstream.io.json.JsonWriterFormatTest" name="explicitCompactEmptyStringArray+ID"/>
  <testcase time="0" classname="com.thoughtworks.xstream.io.json.JsonWriterFormatTest" name="explicitCompactProperties"/>
  <testcase time="0.001" classname="com.thoughtworks.xstream.io.json.JsonWriterFormatTest" name="explicitCompactObject"/>
  <testcase time="0" classname="com.thoughtworks.xstream.io.json.JsonWriterFormatTest" name="explicitCompactAttributeOnly"/>
  <testcase time="0.001" classname="com.thoughtworks.xstream.io.json.JsonWriterFormatTest" name="explicitCompactX"/>
  <testcase time="0.001" classname="com.thoughtworks.xstream.io.json.JsonWriterFormatTest" name="explicitCompactEmptyX"/>
  <testcase time="0.001" classname="com.thoughtworks.xstream.io.json.JsonWriterFormatTest" name="explicitCompactCollections"/>
  <testcase time="0" classname="com.thoughtworks.xstream.io.json.JsonWriterFormatTest" name="explicitCompactEmptyList"/>
</testsuite>